<?xml version="1.0" encoding="utf-8"?>
<beans xmlns="http://www.springframework.org/schema/beans" xmlns:xsi="http://www.w3.org/2001/XMLSchema-instance" xmlns:util="http://www.springframework.org/schema/util"
  xsi:schemaLocation="
http://www.springframework.org/schema/beans http://www.springframework.org/schema/beans/spring-beans-2.0.xsd
http://www.springframework.org/schema/util http://www.springframework.org/schema/util/spring-util-2.0.xsd">
  <util:properties id="hibernateProperties" location="classpath:serket-hibernate.properties" />

  <bean id="dataSource" class="org.apache.commons.dbcp.BasicDataSource" destroy-method="close" >
    <property name="driverClassName" value="org.h2.Driver" />
    <property name="url" value="jdbc:h2:mem:test"/>
  </bean>

  <bean id="sessionFactory" class="org.springframework.orm.hibernate3.annotation.AnnotationSessionFactoryBean">
    <property name="dataSource" ref="dataSource" />
    <property name="packagesToScan" value="org.saintandreas.serket.impl.orm" />
    <property name="hibernateProperties" ref="hibernateProperties" />
    <!--
      <property name="mappingResources"> <list> <value>contentDAOqueries.hbm.xml</value> </list> </property>
    -->
  </bean>
</beans>